app/build/outputs/mapping/release/seeds.txt
com.anity.healthpunch.MainActivity
com.anity.healthpunch.fragment.ScheduleFragment
com.anity.healthpunch.CourseActivity
com.anity.healthpunch.MyApplication
com.anity.healthpunch.Login_Course_Activity
com.anity.healthpunch.fragment.ScheduleFragment: ScheduleFragment()
com.anity.healthpunch.MyApplication: MyApplication()
com.anity.healthpunch.MainActivity: void requestPermission()
com.anity.healthpunch.Login_Course_Activity: void onClick(android.view.View)
com.anity.healthpunch.CourseActivity: CourseActivity()
com.anity.healthpunch.MainActivity: MainActivity()
com.anity.healthpunch.Login_Course_Activity: Login_Course_Activity()
com.anity.healthpunch.MainActivity: void onClick(android.view.View)
...
com.google.android.material.textfield.TextInputLayout: void setMaxWidthResource(int)
androidx.recyclerview.widget.RecyclerView: androidx.core.view.NestedScrollingChildHelper getScrollingChildHelper()
androidx.appcompat.widget.AppCompatTextView: void setSupportBackgroundTintMode(android.graphics.PorterDuff$Mode)
androidx.appcompat.widget.Toolbar: androidx.appcompat.widget.ActionMenuPresenter getOuterActionMenuPresenter()
com.google.android.material.button.MaterialButton: void setIconTintMode(android.graphics.PorterDuff$Mode)
androidx.vectordrawable.graphics.drawable.VectorDrawableCompat$VFullPath: void setFillAlpha(float)
androidx.appcompat.widget.LinearLayoutCompat: void setDividerPadding(int)
com.google.android.material.button.MaterialButton: void setBackgroundTintList(android.content.res.ColorStateList)
com.google.android.material.floatingactionbutton.FloatingActionButton$BaseBehavior: FloatingActionButton$BaseBehavior(android.content.Context,android.util.AttributeSet)
androidx.viewpager.widget.PagerTabStrip: void setBackgroundDrawable(android.graphics.drawable.Drawable)
com.google.android.material.circularreveal.CircularRevealFrameLayout: void setRevealInfo(com.google.android.material.circularreveal.CircularRevealWidget$RevealInfo)
com.google.android.material.floatingactionbutton.FloatingActionButton: void setCompatElevationResource(int)
com.google.android.material.transformation.FabTransformationBehavior: FabTransformationBehavior()
com.google.android.material.floatingactionbutton.ExtendedFloatingActionButton: int getCollapsedSize()
com.google.android.material.floatingactionbutton.ExtendedFloatingActionButton: void setShowMotionSpecResource(int)
androidx.coordinatorlayout.widget.CoordinatorLayout: void setStatusBarBackgroundColor(int)
com.google.android.material.card.MaterialCardView: android.graphics.drawable.Drawable getCheckedIcon()
okhttp3.HttpUrl$Builder$ParseResult: okhttp3.HttpUrl$Builder$ParseResult[] values()
com.google.android.material.textfield.MaterialAutoCompleteTextView: void setAdapter(android.widget.ListAdapter)
com.google.android.material.floatingactionbutton.ExtendedFloatingActionButton: void setHideMotionSpec(com.google.android.material.animation.MotionSpec)
com.google.android.material.chip.Chip: void setChipCornerRadius(float)
com.google.android.material.bottomappbar.BottomAppBar: float getFabTranslationX()
com.google.android.material.textfield.TextInputLayout: void setStartIconOnLongClickListener(android.view.View$OnLongClickListener)
androidx.constraintlayout.widget.Constraints: androidx.constraintlayout.widget.ConstraintSet getConstraintSet()
com.google.android.material.transformation.FabTransformationSheetBehavior: FabTransformationSheetBehavior(android.content.Context,android.util.AttributeSet)
com.google.android.material.appbar.AppBarLayout$Behavior: AppBarLayout$Behavior()
com.google.android.material.floatingactionbutton.FloatingActionButton: void setSupportBackgroundTintList(android.content.res.ColorStateList)
com.google.android.material.button.MaterialButton: void setPressed(boolean)
com.google.android.material.chip.Chip: void setCloseIconVisible(boolean)
androidx.constraintlayout.widget.Guideline: Guideline(android.content.Context,android.util.AttributeSet)
com.google.android.material.textfield.TextInputLayout: void setStartIconContentDescription(java.lang.CharSequence)
com.google.android.material.internal.FlowLayout: int getRowCount()
com.google.android.material.internal.CheckableImageButton: void setPressed(boolean)
com.google.android.material.textfield.TextInputLayout: void setSuffixTextAppearance(int)
com.google.android.material.textfield.TextInputLayout: java.lang.CharSequence getPlaceholderText()
com.google.android.material.textfield.TextInputLayout: void setEndIconContentDescription(java.lang.CharSequence)
com.google.android.material.textfield.TextInputLayout: void setErrorTextColor(android.content.res.ColorStateList)