app/build/outputs/mapping/release/mapping.txt
# compiler: R8
# compiler_version: 3.2.74
# min_api: 27
# common_typos_disable
# {"id":"com.android.tools.r8.mapping","version":"2.0"}
# pg_map_id: a2e7224
# pg_map_hash: SHA-256 a2e72242442dbef713449db8f0f6567b1329d27bf8f7a0a0fad5f2cd65cbe0c0
com.anity.healthpunch.CourseActivity -> com.anity.healthpunch.CourseActivity:
    androidx.viewpager.widget.ViewPager viewPager -> s
    android.widget.Spinner select_spinner -> t
    androidx.viewpager.widget.ViewPager access$000(com.anity.healthpunch.CourseActivity) -> O
    android.widget.Spinner access$100(com.anity.healthpunch.CourseActivity) -> P
    void initViewPager() -> Q
com.anity.healthpunch.CourseActivity$1 -> com.anity.healthpunch.CourseActivity$a:
    com.anity.healthpunch.CourseActivity this$0 -> b
com.anity.healthpunch.CourseActivity$2 -> com.anity.healthpunch.CourseActivity$b:
    com.anity.healthpunch.CourseActivity this$0 -> a
    void onPageScrolled(int,float,int) -> a
    void onPageScrollStateChanged(int) -> c
    void onPageSelected(int) -> d
com.anity.healthpunch.Login_Course_Activity -> com.anity.healthpunch.Login_Course_Activity:
    android.widget.EditText et_password -> u
    android.widget.EditText et_username -> t
    java.lang.String username -> y
    android.widget.Button btn_login -> v
    java.lang.String password -> z
    okhttp3.OkHttpClient client -> s
    android.content.SharedPreferences preferences -> x
    android.widget.CheckBox cb_remember -> w
    void $r8$lambda$9A3nrKqhf-C7KU5ilQatQ8gEbgE(com.anity.healthpunch.Login_Course_Activity) -> O
      # {"id":"com.android.tools.r8.synthesized"}
    void $r8$lambda$QHCIoxtM1Wk3f7diN-EOjVEUedA(com.anity.healthpunch.Login_Course_Activity,java.lang.String) -> P
      # {"id":"com.android.tools.r8.synthesized"}
    void lambda$onFailure$1() -> Q
    void lambda$onResponse$0(java.lang.String) -> R
    void login() -> S
    void reload() -> T
    void onFailure(okhttp3.Call,java.io.IOException) -> i
    void onResponse(okhttp3.Call,okhttp3.Response) -> n
com.anity.healthpunch.MainActivity -> com.anity.healthpunch.MainActivity:
    java.lang.String streetDz -> G
    java.lang.String dkdz -> F
    java.lang.String version -> I
    com.amap.api.location.AMapLocationClient mLocationClient -> s
    java.lang.String content -> H
    okhttp3.OkHttpClient client -> u
    java.lang.Double wd -> A
    android.widget.LinearLayout business -> J
    java.lang.Double jd -> z
    java.lang.Boolean versionFlag -> N
    android.widget.ListView tv_info -> v
    java.lang.StringBuilder responseWeatherData -> t
    java.lang.String id -> w
    java.lang.String token -> y
    java.lang.String dk_JSESSIONID -> x
    android.widget.LinearLayout about -> K
    android.content.SharedPreferences preferences -> L
    android.widget.RadioButton abt -> P
    android.widget.RadioButton mrzb -> O
    java.lang.String shi -> C
    android.app.ProgressDialog progressDialog -> M
    java.lang.String sheng -> B
    java.lang.String shengid -> E
    java.lang.String cityid -> D
    void $r8$lambda$Q2ZuaHI7qfZJG93HNMBPmFzT7Js(com.anity.healthpunch.MainActivity) -> O
      # {"id":"com.android.tools.r8.synthesized"}
    boolean $r8$lambda$n0nWYDGBCnaJVGRbT4QrmcFQIOI(android.content.DialogInterface,int,android.view.KeyEvent) -> P
      # {"id":"com.android.tools.r8.synthesized"}
    void $r8$lambda$qCEjzu-ejMKwDO7niLY3t6RLLVM(com.anity.healthpunch.MainActivity) -> Q
      # {"id":"com.android.tools.r8.synthesized"}
...
androidx.navigation.NavType$9 -> androidx.navigation.p$k:
    java.lang.Object get(android.os.Bundle,java.lang.String) -> b
    java.lang.String getName() -> c
    java.lang.Object parseValue(java.lang.String) -> h
    void put(android.os.Bundle,java.lang.String,java.lang.Object) -> i
    boolean[] get(android.os.Bundle,java.lang.String) -> j
    boolean[] parseValue(java.lang.String) -> k
    void put(android.os.Bundle,java.lang.String,boolean[]) -> l
androidx.navigation.NavType$EnumType -> androidx.navigation.p$l:
    java.lang.Class mType -> n
    java.lang.String getName() -> c
    java.lang.Object parseValue(java.lang.String) -> h
    java.io.Serializable parseValue(java.lang.String) -> k
    java.lang.Enum parseValue(java.lang.String) -> m
androidx.navigation.NavType$ParcelableArrayType -> androidx.navigation.p$m:
    java.lang.Class mArrayType -> m
    java.lang.Object get(android.os.Bundle,java.lang.String) -> b
    java.lang.String getName() -> c
    java.lang.Object parseValue(java.lang.String) -> h
    void put(android.os.Bundle,java.lang.String,java.lang.Object) -> i
    android.os.Parcelable[] get(android.os.Bundle,java.lang.String) -> j
    android.os.Parcelable[] parseValue(java.lang.String) -> k
    void put(android.os.Bundle,java.lang.String,android.os.Parcelable[]) -> l
androidx.navigation.NavType$ParcelableType -> androidx.navigation.p$n:
    java.lang.Class mType -> m
    java.lang.Object get(android.os.Bundle,java.lang.String) -> b
    java.lang.String getName() -> c
    java.lang.Object parseValue(java.lang.String) -> h
    void put(android.os.Bundle,java.lang.String,java.lang.Object) -> i
androidx.navigation.NavType$SerializableArrayType -> androidx.navigation.p$o:
    java.lang.Class mArrayType -> m
    java.lang.Object get(android.os.Bundle,java.lang.String) -> b
    java.lang.String getName() -> c
    java.lang.Object parseValue(java.lang.String) -> h
    void put(android.os.Bundle,java.lang.String,java.lang.Object) -> i
    java.io.Serializable[] get(android.os.Bundle,java.lang.String) -> j
    java.io.Serializable[] parseValue(java.lang.String) -> k
    void put(android.os.Bundle,java.lang.String,java.io.Serializable[]) -> l
androidx.navigation.NavType$SerializableType -> androidx.navigation.p$p:
    java.lang.Class mType -> m
    java.lang.Object get(android.os.Bundle,java.lang.String) -> b
    java.lang.String getName() -> c
    java.lang.Object parseValue(java.lang.String) -> h
    void put(android.os.Bundle,java.lang.String,java.lang.Object) -> i
    java.io.Serializable get(android.os.Bundle,java.lang.String) -> j
    java.io.Serializable parseValue(java.lang.String) -> k
    void put(android.os.Bundle,java.lang.String,java.io.Serializable) -> l
androidx.navigation.Navigation -> androidx.navigation.q:
    androidx.navigation.NavController findNavController(android.view.View) -> a
    androidx.navigation.NavController findViewNavController(android.view.View) -> b
    androidx.navigation.NavController getViewNavController(android.view.View) -> c
    void setViewNavController(android.view.View,androidx.navigation.NavController) -> d
androidx.navigation.Navigator -> androidx.navigation.r:
    androidx.navigation.NavDestination createDestination() -> a
    androidx.navigation.NavDestination navigate(androidx.navigation.NavDestination,android.os.Bundle,androidx.navigation.NavOptions,androidx.navigation.Navigator$Extras) -> b
    void onRestoreState(android.os.Bundle) -> c
    android.os.Bundle onSaveState() -> d
    boolean popBackStack() -> e
androidx.navigation.Navigator$Extras -> androidx.navigation.r$a:
androidx.navigation.Navigator$Name -> androidx.navigation.r$b: