app/build/outputs/mapping/release/usage.txt
com.anity.healthpunch.BuildConfig
com.anity.healthpunch.MainActivity:
    private static final int INSTALL_REQUEST_CODE
    private static final int REQUEST_PERMISSIONS
    private static final java.lang.String VERSION
com.anity.healthpunch.R$array
com.anity.healthpunch.R$color
com.anity.healthpunch.R$dimen
com.anity.healthpunch.R$drawable
com.anity.healthpunch.R$id
com.anity.healthpunch.R$layout
com.anity.healthpunch.R$mipmap
com.anity.healthpunch.R$navigation
com.anity.healthpunch.R$string
com.anity.healthpunch.R$style
com.anity.healthpunch.R$xml
com.anity.healthpunch.R
com.anity.healthpunch.databinding.ActivityCourseBinding
com.anity.healthpunch.databinding.ActivityCourseLoginBinding
com.anity.healthpunch.databinding.ActivityMainBinding
com.anity.healthpunch.databinding.FragmentScheduleBinding
com.anity.healthpunch.databinding.SpinnerItemBinding
com.anity.healthpunch.databinding.SpinnerLayoutBinding
com.anity.healthpunch.databinding.WeekdaylayoutBinding
com.anity.healthpunch.entity.Course:
    public void setBuildingName(java.lang.String)
    public void setButtonCode(java.lang.String)
    public void setClassTime(java.lang.String)
    public void setClassWeek(java.lang.String)
    public void setClassWeekDetails(java.lang.String)
    public void setCoursesNote(java.lang.Integer)
    public void setEndTIme(java.lang.String)
    public void setFzmc(java.lang.String)
    public void setIsRepeatCode(java.lang.String)
    public void setJx0404id(java.lang.String)
    public void setJx0408id(java.lang.String)
    public void setKtmc(java.lang.String)
    public void setLocation(java.lang.String)
    public void setWeekNoteDetail(java.lang.String)
    public void setXkrs(java.lang.Integer)
com.anity.healthpunch.utils.Md5
com.anity.healthpunch.utils.PermissionUtil:
    public void <init>()
...
lombok.var
okhttp3.Cache$1
okhttp3.Cache$2
okhttp3.Cache$CacheRequestImpl$1
okhttp3.Cache$CacheRequestImpl
okhttp3.Cache$CacheResponseBody$1
okhttp3.Cache$CacheResponseBody
okhttp3.Cache$Entry
okhttp3.Cache:
    private static final int ENTRY_BODY
    private static final int ENTRY_COUNT
    private static final int ENTRY_METADATA
    private static final int VERSION
    final okhttp3.internal.cache.DiskLruCache cache
    private int hitCount
    private int networkCount
    private int requestCount
    int writeAbortCount
    int writeSuccessCount
    public void <init>(java.io.File,long)
    void <init>(java.io.File,long,okhttp3.internal.io.FileSystem)
    private void abortQuietly(okhttp3.internal.cache.DiskLruCache$Editor)
    public void close()
    public void delete()
    public java.io.File directory()
    public void evictAll()
    public void flush()
    okhttp3.Response get(okhttp3.Request)
    public synchronized int hitCount()
    public void initialize()
    public boolean isClosed()
    public static java.lang.String key(okhttp3.HttpUrl)
    public long maxSize()
    public synchronized int networkCount()
    okhttp3.internal.cache.CacheRequest put(okhttp3.Response)
    static int readInt(okio.BufferedSource)
    void remove(okhttp3.Request)
    public synchronized int requestCount()
    public long size()
    synchronized void trackConditionalCacheHit()
    synchronized void trackResponse(okhttp3.internal.cache.CacheStrategy)
    void update(okhttp3.Response,okhttp3.Response)
    public java.util.Iterator urls()
    public synchronized int writeAbortCount()
    public synchronized int writeSuccessCount()
okhttp3.CacheControl$Builder:
    public okhttp3.CacheControl$Builder immutable()
    public okhttp3.CacheControl$Builder maxAge(int,java.util.concurrent.TimeUnit)
    public okhttp3.CacheControl$Builder minFresh(int,java.util.concurrent.TimeUnit)
    public okhttp3.CacheControl$Builder noStore()
    public okhttp3.CacheControl$Builder noTransform()
okhttp3.CacheControl:
    public boolean noTransform()
    public int sMaxAgeSeconds()
okhttp3.Call$Factory
okhttp3.Call:
    public abstract void cancel()
    public abstract okhttp3.Call clone()
    public abstract okhttp3.Response execute()
    public abstract boolean isCanceled()
    public abstract boolean isExecuted()
okhttp3.CertificatePinner$Builder:
    public varargs okhttp3.CertificatePinner$Builder add(java.lang.String,java.lang.String[])
okhttp3.CertificatePinner$Pin:
    private static final java.lang.String WILDCARD
    void <init>(java.lang.String,java.lang.String)
okhttp3.CertificatePinner:
    public varargs void check(java.lang.String,java.security.cert.Certificate[])
okhttp3.Challenge
okhttp3.CipherSuite:
    public java.lang.String javaName()
okhttp3.Connection:
    public abstract okhttp3.Handshake handshake()
    public abstract okhttp3.Protocol protocol()
    public abstract okhttp3.Route route()
    public abstract java.net.Socket socket()
okhttp3.ConnectionPool:
    public synchronized int connectionCount()
    public void evictAll()
    public synchronized int idleConnectionCount()
okhttp3.ConnectionSpec$Builder:
    public okhttp3.ConnectionSpec$Builder allEnabledCipherSuites()
    public okhttp3.ConnectionSpec$Builder allEnabledTlsVersions()
okhttp3.Cookie$Builder
okhttp3.Cookie:
    void <init>(okhttp3.Cookie$Builder)
    public java.lang.String domain()
    public long expiresAt()
    public boolean hostOnly()
    public boolean httpOnly()
    public boolean matches(okhttp3.HttpUrl)
    public java.lang.String path()
    private static boolean pathMatch(okhttp3.HttpUrl,java.lang.String)
    public boolean persistent()
    public boolean secure()
okhttp3.Credentials